[2016-03-25 11:47:28] START
[2016-03-25 11:48:29] EDIT app2/models/menu.py: -101
[2016-03-25 11:48:36] EDIT app2/models/menu.py: 0
[2016-03-25 11:50:09] EDIT app2/models/menu.py: 0
[2016-03-25 11:50:16] EDIT app2/models/menu.py: 0
[2016-03-25 11:50:19] EDIT app2/models/menu.py: 0
[2016-03-25 11:50:29] EDIT app2/models/menu.py: 0
[2016-03-25 11:51:16] EDIT app2/models/menu.py: 1
[2016-03-25 11:56:28] EDIT app2/models/menu.py: 1
[2016-03-25 11:57:22] EDIT app2/models/menu.py: 99
[2016-03-25 11:58:28] EDIT app2/models/menu.py: -99
[2016-03-25 11:58:32] EDIT app2/models/menu.py: -1
[2016-03-25 11:58:54] EDIT app2/models/menu.py: 0
[2016-03-25 11:59:18] EDIT app2/models/menu.py: 0
[2016-03-25 11:59:22] EDIT app2/models/menu.py: 1
[2016-03-25 11:59:55] EDIT app2/models/menu.py: -1
[2016-03-25 11:59:59] EDIT app2/models/menu.py: 1
[2016-03-25 12:01:12] EDIT app2/models/menu.py: -1
[2016-03-25 12:01:39] EDIT app2/models/menu.py: -1
[2016-03-25 12:01:54] EDIT app2/models/menu.py: 1
[2016-03-25 12:01:57] EDIT app2/models/menu.py: -1
[2016-03-25 12:05:07] CREATE db1.py: 0
[2016-03-25 12:05:43] EDIT app2/models/db1.py: 1
[2016-03-25 12:06:29] EDIT app2/models/db1.py: 0
[2016-03-25 12:06:35] EDIT app2/models/db1.py: 0
[2016-03-25 12:12:23] EDIT app2/models/db1.py: 3
[2016-03-25 12:12:41] EDIT app2/models/db1.py: 1
[2016-03-25 12:12:58] EDIT app2/models/db1.py: -1
[2016-03-25 12:12:58] EDIT app2/models/db1.py: 0
[2016-03-25 12:12:59] EDIT app2/models/db1.py: 0
[2016-03-25 12:13:05] EDIT app2/models/db1.py: 0
[2016-03-25 12:13:06] EDIT app2/models/db1.py: 0
[2016-03-25 12:13:08] EDIT app2/models/db1.py: 0
[2016-03-25 12:13:08] EDIT app2/models/db1.py: 0
[2016-03-25 12:13:09] EDIT app2/models/db1.py: 0
[2016-03-25 12:13:23] EDIT app2/models/db1.py: 0
[2016-03-25 12:13:33] EDIT app2/models/db1.py: 1
[2016-03-25 12:18:27] EDIT app2/controllers/default.py: -6
[2016-03-25 12:18:52] EDIT app2/controllers/default.py: 0
[2016-03-25 12:19:10] EDIT app2/views/default/index.html: -47
[2016-03-25 12:19:11] EDIT app2/views/default/index.html: 0
[2016-03-25 12:19:28] EDIT app2/views/default/index.html: 3
[2016-03-25 12:43:17] EDIT app2/controllers/default.py: 1
[2016-03-25 12:43:27] EDIT app2/controllers/default.py: 0
[2016-03-25 12:44:13] EDIT app2/controllers/default.py: 0
[2016-03-25 12:45:18] EDIT app2/views/default/index.html: 4
[2016-03-25 12:47:19] EDIT app2/views/default/index.html: 6
[2016-03-25 12:48:06] EDIT app2/views/default/index.html: 2
[2016-03-25 12:49:00] EDIT app2/views/default/index.html: -1
[2016-03-25 12:49:12] EDIT app2/views/default/index.html: 0
[2016-03-25 12:49:38] EDIT app2/views/default/index.html: 0
[2016-03-25 12:49:48] EDIT app2/views/default/index.html: 0
[2016-03-25 12:51:53] EDIT app2/controllers/default.py: 3
[2016-03-25 12:52:45] EDIT app2/controllers/default.py: 0
[2016-03-25 12:53:09] EDIT app2/controllers/default.py: 0
[2016-03-25 12:53:50] EDIT app2/controllers/default.py: 0
[2016-03-25 12:54:22] EDIT app2/controllers/default.py: 0
[2016-03-25 12:55:36] EDIT app2/views/default/index.html: 0
[2016-03-25 19:22:04] CREATE default/show.html: 0
[2016-03-25 19:22:38] EDIT app2/views/default/show.html: 4
[2016-03-25 19:29:07] EDIT app2/views/default/show.html: 0
[2016-03-25 19:31:09] EDIT app2/views/default/show.html: 1
[2016-03-25 19:33:50] EDIT app2/views/default/show.html: 0
[2016-03-26 10:34:42] EDIT app2/views/default/show.html: 0
[2016-03-26 10:36:57] EDIT app2/views/default/index.html: -1
[2016-03-26 10:37:11] CREATE default/create.html: 0
[2016-03-26 10:37:37] EDIT app2/views/default/create.html: 2
[2016-03-26 10:38:56] EDIT app2/controllers/default.py: 2
[2016-03-26 10:40:43] EDIT app2/controllers/default.py: 1
[2016-03-26 10:41:26] EDIT app2/models/menu.py: 0
[2016-03-26 10:43:03] EDIT app2/controllers/default.py: 2
[2016-03-26 10:44:39] EDIT app2/controllers/default.py: 3
[2016-03-26 10:47:03] EDIT app2/controllers/default.py: 0
[2016-03-26 11:03:44] EDIT app2/controllers/default.py: 0
[2016-03-26 11:04:46] EDIT app2/controllers/default.py: 0
[2016-03-26 11:59:36] EDIT app2/controllers/default.py: 3
[2016-03-26 12:28:24] EDIT app2/controllers/default.py: 1
[2016-03-26 14:16:29] EDIT app2/models/db1.py: 1
[2016-03-26 14:17:13] EDIT app2/models/db1.py: 2
[2016-03-26 14:18:52] EDIT app2/models/db1.py: 1
[2016-03-26 14:19:42] EDIT app2/models/db1.py: 0
[2016-03-26 14:20:26] EDIT app2/views/default/index.html: 0
[2016-03-26 14:20:52] EDIT app2/views/default/show.html: 0
[2016-03-26 14:22:57] EDIT app2/views/default/show.html: 0
[2016-03-26 14:23:14] EDIT app2/views/default/show.html: 0
[2016-03-26 14:24:21] EDIT app2/controllers/default.py: -3
[2016-03-26 14:25:08] EDIT app2/views/default/show.html: 0
[2016-03-26 14:36:36] EDIT app2/views/default/show.html: 0
[2016-03-26 14:37:00] EDIT app2/views/default/show.html: 0
[2016-03-26 14:37:48] EDIT app2/views/default/show.html: 0
[2016-03-26 14:38:12] EDIT app2/views/default/show.html: 0
[2016-03-26 14:39:57] EDIT app2/views/default/show.html: -2
[2016-03-26 14:43:49] EDIT app2/controllers/default.py: 0
[2016-03-26 14:43:57] EDIT app2/controllers/default.py: 0
[2016-03-26 14:44:28] EDIT app2/controllers/default.py: 1
[2016-03-26 14:47:58] EDIT app2/models/menu.py: 3
[2016-03-26 14:50:56] EDIT app2/models/db1.py: 5
[2016-03-26 14:51:43] EDIT app2/controllers/default.py: 1
[2016-03-26 14:58:32] EDIT app2/views/default/show.html: 2
[2016-03-26 14:59:19] EDIT app2/controllers/default.py: 4
[2016-03-26 15:01:05] EDIT app2/controllers/default.py: 0
[2016-03-26 15:02:41] EDIT app2/models/db1.py: 0
[2016-03-26 15:12:59] EDIT app2/views/default/show.html: 4
[2016-03-26 15:13:32] EDIT app2/views/default/show.html: 1
[2016-03-26 15:13:40] EDIT app2/views/default/show.html: 0
[2016-03-26 15:14:25] EDIT app2/views/default/show.html: 1
[2016-03-26 20:39:00] EDIT app2/views/default/show.html: 0
[2016-03-27 09:24:46] EDIT app2/models/db1.py: 0
[2016-03-27 09:29:14] EDIT app2/controllers/default.py: 1
[2016-03-27 09:29:33] EDIT app2/controllers/default.py: 0
[2016-03-27 11:07:26] EDIT app2/models/db1.py: 1
[2016-03-27 11:07:32] EDIT app2/models/db1.py: 0
[2016-03-27 11:08:00] EDIT app2/models/db1.py: 0
[2016-03-27 11:11:25] EDIT app2/views/default/index.html: 1
[2016-03-27 11:28:36] EDIT app2/controllers/default.py: 1
[2016-03-27 11:30:29] EDIT app2/views/default/index.html: 0
[2016-03-27 11:30:52] EDIT app2/models/db1.py: 0
[2016-03-27 11:31:34] EDIT app2/controllers/default.py: 0
[2016-03-27 11:32:15] EDIT app2/controllers/default.py: 0
[2016-03-27 11:32:35] EDIT app2/controllers/default.py: 0
[2016-03-27 11:33:02] EDIT app2/controllers/default.py: 0
[2016-03-27 11:36:44] EDIT app2/controllers/default.py: -2
[2016-03-27 11:37:05] EDIT app2/views/default/index.html: 0
[2016-03-27 11:37:14] EDIT app2/views/default/index.html: 0
[2016-03-27 11:37:39] EDIT app2/views/default/index.html: 0
[2016-03-27 11:38:49] EDIT app2/views/default/index.html: 0
[2016-03-27 11:43:21] EDIT app2/views/default/index.html: 0
[2016-03-27 11:43:32] EDIT app2/views/default/index.html: 0
[2016-03-27 11:47:36] EDIT app2/views/layout.html: 9
[2016-03-27 11:48:04] EDIT app2/views/layout.html: 0
[2016-03-27 11:48:24] EDIT app2/views/layout.html: 0
[2016-03-27 11:48:32] EDIT app2/views/layout.html: 0
[2016-03-27 11:50:36] EDIT app2/views/layout.html: 0
[2016-03-27 11:50:55] EDIT app2/views/layout.html: 0
[2016-03-27 11:51:01] EDIT app2/views/layout.html: 0
[2016-03-27 11:51:22] EDIT app2/views/layout.html: 0
[2016-03-27 11:53:18] EDIT app2/views/default/index.html: 0
[2016-03-27 11:53:21] EDIT app2/views/default/index.html: 0
[2016-03-27 11:53:46] EDIT app2/views/layout.html: -3
[2016-03-27 11:54:00] EDIT app2/views/layout.html: 0
[2016-03-27 11:54:49] EDIT app2/views/default/index.html: 0
[2016-03-27 11:54:56] EDIT app2/views/layout.html: 0
[2016-03-27 11:55:52] EDIT app2/views/default/index.html: 0
[2016-03-27 11:56:01] EDIT app2/views/default/index.html: 0
[2016-03-27 11:56:21] EDIT app2/views/default/index.html: 0
[2016-03-27 11:56:39] EDIT app2/views/default/index.html: 0
[2016-03-27 11:57:07] EDIT app2/views/default/index.html: 0
[2016-03-27 13:00:27] EDIT app2/views/default/index.html: 0
[2016-03-27 13:02:05] EDIT app2/models/menu.py: 0
[2016-03-27 13:02:44] EDIT app2/models/menu.py: 0
[2016-03-27 13:03:22] EDIT app2/models/menu.py: 0
[2016-03-27 13:03:28] EDIT app2/models/menu.py: 0
[2016-03-27 13:03:36] EDIT app2/models/menu.py: 0
[2016-03-27 13:03:42] EDIT app2/models/menu.py: 0
[2016-03-27 13:29:20] EDIT app2/models/menu.py: 0
[2016-03-27 13:30:09] EDIT app2/models/menu.py: 0
[2016-03-27 13:34:45] EDIT app2/models/db1.py: 1
[2016-03-27 13:35:23] EDIT app2/controllers/default.py: 0
[2016-03-27 13:35:41] EDIT app2/controllers/default.py: 0
[2016-03-27 13:49:54] EDIT app2/controllers/default.py: 5
[2016-03-27 13:51:03] EDIT app2/views/default/index.html: 3
[2016-03-27 13:52:09] EDIT app2/views/default/index.html: 0
[2016-03-27 13:54:47] EDIT app2/views/default/show.html: 2
[2016-03-27 13:55:44] EDIT app2/models/menu.py: 0
[2016-03-27 13:55:56] EDIT app2/models/menu.py: 0
[2016-03-27 13:56:12] EDIT app2/models/menu.py: 0
[2016-03-27 14:04:19] EDIT app2/views/default/index.html: 0
[2016-03-27 14:05:45] EDIT app2/views/plugin_layouts/layouts/Frozenage.html: 0
[2016-03-27 14:09:16] EDIT app2/views/default/index.html: 0
[2016-03-27 14:10:03] EDIT app2/views/default/index.html: 0
[2016-03-27 14:10:12] EDIT app2/views/default/index.html: 0
[2016-03-27 14:11:08] EDIT app2/views/layout.html: 0
[2016-03-27 14:11:17] EDIT app2/views/default/index.html: 0
[2016-03-27 14:11:22] EDIT app2/views/layout.html: 0
[2016-03-27 15:39:16] EDIT app2/views/default/index.html: 0
[2016-03-27 15:39:59] EDIT app2/views/default/index.html: 1
[2016-03-27 15:40:24] EDIT app2/views/default/index.html: 0
[2016-03-27 15:43:36] EDIT app2/views/default/index.html: 0
[2016-03-27 15:43:48] EDIT app2/views/layout.html: -62
[2016-03-27 15:44:08] EDIT app2/views/default/index.html: -1
[2016-03-27 15:50:25] EDIT app2/views/default/show.html: 4
[2016-03-27 15:55:24] EDIT app2/views/default/show.html: 3
[2016-03-27 15:55:26] EDIT app2/views/default/show.html: 0
[2016-03-27 15:56:19] EDIT app2/controllers/default.py: 3
[2016-03-27 16:36:59] EDIT app2/views/default/index.html: 1
[2016-03-27 16:37:20] EDIT app2/views/default/index.html: 0
[2016-03-27 16:37:33] EDIT app2/views/default/index.html: 0
[2016-03-27 16:37:38] EDIT app2/views/default/index.html: 0
[2016-03-27 16:39:18] EDIT app2/views/default/index.html: 0
[2016-03-27 16:39:36] EDIT app2/views/default/index.html: 0
[2016-03-27 16:39:53] EDIT app2/views/default/index.html: 0
[2016-03-27 16:40:03] EDIT app2/views/default/index.html: 0
[2016-03-27 16:40:07] EDIT app2/views/default/index.html: 0
[2016-03-27 16:40:14] EDIT app2/views/default/index.html: 0
[2016-03-27 16:57:23] EDIT app2/views/default/index.html: 0
[2016-03-27 16:57:50] EDIT app2/views/default/create.html: 0
[2016-03-27 16:57:57] EDIT app2/views/default/show.html: 0
[2016-03-27 16:58:10] EDIT app2/views/default/user.html: 0
[2016-03-27 17:01:59] EDIT app2/views/plugin_layouts/layouts/Frozenage.html: -222
[2016-03-27 17:03:15] EDIT app2/views/default/show.html: 2
[2016-03-27 17:03:41] EDIT app2/views/default/show.html: 0
[2016-03-27 17:04:24] EDIT app2/views/default/show.html: 2
[2016-03-27 17:04:52] EDIT app2/views/default/show.html: 0
[2016-03-27 17:06:37] EDIT app2/views/default/show.html: 1
[2016-03-27 17:07:24] EDIT app2/controllers/default.py: 1
[2016-03-27 17:07:27] EDIT app2/controllers/default.py: 0
[2016-03-27 17:08:01] EDIT app2/views/default/show.html: 0
[2016-03-27 17:08:38] EDIT app2/controllers/default.py: 0
[2016-03-27 17:08:52] EDIT app2/controllers/default.py: 0
[2016-03-27 17:09:14] EDIT app2/views/default/show.html: 0
[2016-03-27 17:10:41] EDIT app2/controllers/default.py: 0
[2016-03-27 17:12:15] EDIT app2/views/default/show.html: 2
[2016-03-27 17:23:42] EDIT app2/views/default/show.html: 0
[2016-03-27 17:23:49] EDIT app2/views/default/show.html: 0
[2016-03-27 17:23:52] EDIT app2/views/default/show.html: 0
[2016-03-27 17:24:48] EDIT app2/views/default/show.html: 0
[2016-03-27 17:24:51] EDIT app2/views/default/index.html: 0
[2016-03-27 17:25:03] EDIT app2/views/default/create.html: 0
[2016-03-27 17:25:12] EDIT app2/views/default/user.html: 0
[2016-03-27 17:25:50] EDIT app2/views/default/show.html: 0
[2016-03-27 17:26:59] EDIT app2/views/default/show.html: 0
[2016-03-27 17:27:45] EDIT app2/views/default/show.html: 0
[2016-03-27 17:27:55] EDIT app2/views/default/show.html: -1
[2016-03-27 17:28:02] EDIT app2/views/default/show.html: -1
[2016-03-27 17:28:25] EDIT app2/views/default/show.html: -8
[2016-03-27 17:28:38] EDIT app2/views/default/show.html: 0
[2016-03-27 17:29:29] EDIT app2/controllers/default.py: 0
[2016-03-27 17:31:22] EDIT app2/controllers/default.py: 0
[2016-03-27 17:32:01] EDIT app2/views/default/show.html: 0
[2016-03-27 17:36:38] EDIT app2/controllers/default.py: 0
[2016-03-27 17:37:29] EDIT app2/controllers/default.py: 0
[2016-03-27 17:37:47] EDIT app2/controllers/default.py: 0
[2016-03-27 17:37:59] EDIT app2/controllers/default.py: 0
[2016-03-27 17:38:14] EDIT app2/views/default/show.html: 0
[2016-03-27 17:39:26] EDIT app2/controllers/default.py: 0
[2016-03-27 17:40:39] EDIT app2/controllers/default.py: 0
[2016-03-27 17:41:12] EDIT app2/views/default/show.html: -1
[2016-03-27 17:41:31] EDIT app2/views/default/show.html: 0
[2016-03-27 17:42:01] EDIT app2/controllers/default.py: 0
[2016-03-27 17:42:12] EDIT app2/controllers/default.py: 0
[2016-03-27 17:42:34] EDIT app2/controllers/default.py: 0
[2016-03-27 17:42:48] EDIT app2/controllers/default.py: 0
[2016-03-27 17:45:43] EDIT app2/views/default/show.html: 1
[2016-03-27 17:45:51] EDIT app2/views/default/show.html: 2
[2016-03-27 17:46:27] EDIT app2/views/default/show.html: 0
[2016-03-27 17:46:50] EDIT app2/views/default/show.html: 0
[2016-03-27 17:46:55] EDIT app2/views/default/show.html: 0
[2016-03-27 17:47:10] EDIT app2/views/default/show.html: 0
[2016-03-27 17:47:37] EDIT app2/views/default/show.html: 0
[2016-03-27 17:48:00] EDIT app2/views/default/show.html: 0
[2016-03-27 17:48:11] EDIT app2/views/default/show.html: 0
[2016-03-27 17:48:19] EDIT app2/views/default/show.html: 0
[2016-03-27 17:48:43] EDIT app2/views/default/show.html: -1
[2016-03-27 17:49:07] EDIT app2/views/default/show.html: 1
[2016-03-27 17:49:35] EDIT app2/views/default/show.html: 0
[2016-03-27 17:50:03] EDIT app2/views/default/show.html: 0
[2016-03-27 17:50:20] EDIT app2/views/default/show.html: 0
[2016-03-27 17:50:37] EDIT app2/views/default/show.html: 0
[2016-03-27 17:51:02] EDIT app2/views/default/show.html: 2
[2016-03-27 17:51:20] EDIT app2/views/default/show.html: 0
[2016-03-27 17:51:34] EDIT app2/views/default/show.html: 0
[2016-03-27 17:51:43] EDIT app2/views/default/show.html: 0
[2016-03-27 17:58:49] EDIT app2/views/default/show.html: 0
[2016-03-27 17:59:07] EDIT app2/views/default/show.html: 0
[2016-03-27 17:59:16] EDIT app2/views/default/show.html: 0
[2016-03-27 17:59:57] EDIT app2/models/db1.py: 0
[2016-03-27 18:00:06] EDIT app2/models/db1.py: 0
[2016-03-27 18:00:20] EDIT app2/models/db1.py: 0
[2016-03-27 18:01:14] EDIT app2/models/db1.py: 0
[2016-03-27 18:01:28] EDIT app2/models/db1.py: 0
[2016-03-27 18:01:44] EDIT app2/models/db1.py: 0
[2016-03-27 18:01:59] EDIT app2/models/db1.py: 0
[2016-03-27 18:02:36] EDIT app2/models/db1.py: 0
[2016-03-27 18:02:43] EDIT app2/views/default/show.html: 0
[2016-03-28 19:24:07] EDIT app2/controllers/default.py: 4
[2016-03-28 19:24:12] EDIT app2/controllers/default.py: 0
[2016-03-28 19:24:14] EDIT app2/controllers/default.py: 0
[2016-03-28 19:24:42] CREATE default.post.html.py: 0
[2016-03-28 19:25:08] CREATE default/post.html: 0
[2016-03-28 19:25:13] EDIT app2/views/default/post.html: 0
[2016-03-28 19:25:56] DELETE app2/views/default/post.html: -3
[2016-03-28 19:26:10] CREATE default/post.html: 0
[2016-03-28 19:27:09] EDIT app2/controllers/default.py: 0
[2016-03-28 19:28:00] EDIT app2/controllers/default.py: 0
[2016-03-28 19:28:23] EDIT app2/controllers/default.py: 0
[2016-03-28 19:28:41] EDIT app2/controllers/default.py: 0
[2016-03-28 19:29:21] EDIT app2/controllers/default.py: 1
[2016-03-28 19:30:42] EDIT app2/views/default/post.html: 17
[2016-03-28 19:32:16] EDIT app2/controllers/default.py: 1
[2016-03-28 19:32:47] EDIT app2/controllers/default.py: -1
[2016-03-28 19:32:53] EDIT app2/controllers/default.py: 0
[2016-03-28 19:33:03] EDIT app2/controllers/default.py: 0
[2016-03-28 19:33:17] EDIT app2/controllers/default.py: 0
[2016-03-28 19:35:41] EDIT app2/controllers/default.py: 0
[2016-03-28 19:36:07] EDIT app2/controllers/default.py: 0
[2016-03-28 19:36:44] EDIT app2/controllers/default.py: -1
[2016-03-28 20:24:38] EDIT app2/controllers/default.py: -1
[2016-03-28 20:24:52] EDIT app2/controllers/default.py: 0
[2016-03-28 20:26:01] EDIT app2/models/db1.py: 1
[2016-03-28 20:26:14] EDIT app2/controllers/default.py: 0
[2016-03-28 20:28:59] EDIT app2/models/db1.py: 0
[2016-03-28 20:33:10] EDIT app2/models/menu.py: 1
[2016-03-28 22:06:43] EDIT app2/models/db1.py: 0
[2016-03-28 22:07:08] EDIT app2/models/db1.py: 0
[2016-03-28 22:07:42] EDIT app2/models/db1.py: 0
[2016-03-28 22:08:30] EDIT app2/models/db1.py: 0
[2016-03-28 22:10:31] EDIT app2/models/db1.py: 0
[2016-03-28 22:16:47] EDIT app2/controllers/default.py: 1
[2016-03-28 22:16:49] EDIT app2/controllers/default.py: 0
[2016-03-28 22:22:00] EDIT app2/controllers/default.py: 0
[2016-03-28 22:22:15] EDIT app2/controllers/default.py: 0
[2016-03-28 22:24:35] EDIT app2/views/default/index.html: 1
[2016-03-28 22:25:24] EDIT app2/views/default/index.html: 0
[2016-03-28 22:26:03] EDIT app2/views/default/index.html: 0
[2016-03-28 22:27:36] EDIT app2/views/default/index.html: 0
[2016-03-28 22:38:19] EDIT app2/views/default/index.html: 0
[2016-03-28 22:38:35] EDIT app2/views/default/index.html: 0
[2016-03-28 22:38:47] EDIT app2/views/default/index.html: 0
[2016-03-28 22:41:22] EDIT app2/models/db1.py: 5
[2016-03-28 22:41:50] EDIT app2/models/db1.py: 0
[2016-03-28 22:45:33] EDIT app2/views/default/index.html: -2
[2016-03-28 22:46:58] EDIT app2/controllers/default.py: 0
[2016-03-28 22:47:06] EDIT app2/controllers/default.py: 0
[2016-03-28 22:47:27] EDIT app2/controllers/default.py: 1
[2016-03-28 22:47:44] EDIT app2/controllers/default.py: 0
[2016-03-28 22:47:51] EDIT app2/controllers/default.py: 0
[2016-03-28 22:48:49] EDIT app2/controllers/default.py: 0
[2016-03-28 22:48:50] EDIT app2/controllers/default.py: 0
[2016-03-28 22:48:50] EDIT app2/controllers/default.py: 0
[2016-03-28 22:48:55] EDIT app2/controllers/default.py: 0
[2016-03-28 22:48:55] EDIT app2/controllers/default.py: 0
[2016-03-28 22:48:56] EDIT app2/controllers/default.py: 0
[2016-03-28 22:48:56] EDIT app2/controllers/default.py: 0
[2016-03-28 22:48:56] EDIT app2/controllers/default.py: 0
[2016-03-28 22:48:56] EDIT app2/controllers/default.py: 0
[2016-03-28 22:48:56] EDIT app2/controllers/default.py: 0
[2016-03-28 22:48:57] EDIT app2/controllers/default.py: 0
[2016-03-28 22:48:57] EDIT app2/controllers/default.py: 0
[2016-03-28 22:48:59] EDIT app2/controllers/default.py: 0
[2016-03-28 22:48:59] EDIT app2/controllers/default.py: 0
[2016-03-28 22:49:00] EDIT app2/controllers/default.py: 0
[2016-03-28 22:49:00] EDIT app2/controllers/default.py: 0
[2016-03-28 22:49:06] EDIT app2/controllers/default.py: 0
[2016-03-28 22:49:07] EDIT app2/controllers/default.py: 0
[2016-03-28 22:49:07] EDIT app2/controllers/default.py: 0
[2016-03-28 22:49:49] EDIT app2/controllers/default.py: 0
[2016-03-28 22:49:52] EDIT app2/controllers/default.py: -1
[2016-03-28 22:49:59] EDIT app2/controllers/default.py: 0
[2016-03-28 22:50:36] EDIT app2/controllers/default.py: 0
[2016-03-28 22:50:43] EDIT app2/controllers/default.py: 1
[2016-03-28 22:51:17] EDIT app2/controllers/default.py: 0
[2016-03-28 22:51:18] EDIT app2/controllers/default.py: 0
[2016-03-28 22:51:29] EDIT app2/controllers/default.py: -2
[2016-03-28 22:51:30] EDIT app2/controllers/default.py: 0
[2016-03-28 22:51:32] EDIT app2/controllers/default.py: 0
[2016-03-28 22:51:49] EDIT app2/controllers/default.py: -1
[2016-03-28 22:52:51] EDIT app2/controllers/default.py: 0
[2016-03-28 22:53:12] DELETE app2/models/default.post.html.py: 0
[2016-03-28 22:53:47] EDIT app2/controllers/default.py: 0
[2016-03-28 22:59:41] EDIT app2/models/db1.py: 1
[2016-03-28 23:01:32] EDIT app2/controllers/default.py: 3
[2016-03-29 09:22:27] EDIT app2/controllers/default.py: 0
[2016-03-29 09:22:50] EDIT app2/controllers/default.py: 0
[2016-03-29 09:38:28] EDIT app2/models/db1.py: 0
[2016-03-29 09:41:03] EDIT app2/controllers/default.py: 7
[2016-03-29 09:41:59] EDIT app2/controllers/default.py: 0
[2016-03-29 09:42:19] EDIT app2/controllers/default.py: 0
[2016-03-29 09:43:03] EDIT app2/controllers/default.py: -3
[2016-03-29 09:44:34] EDIT app2/views/default/index.html: 10
[2016-03-29 09:44:56] EDIT app2/views/default/index.html: -18
[2016-03-29 09:45:50] EDIT app2/views/default/index.html: 0
[2016-03-29 09:46:45] EDIT app2/views/default/index.html: 0
[2016-03-29 09:48:03] EDIT app2/views/default/index.html: 16
[2016-03-29 09:48:25] EDIT app2/controllers/default.py: 0
[2016-03-29 09:49:28] EDIT app2/controllers/default.py: 0
[2016-03-29 09:49:38] EDIT app2/controllers/default.py: 0
[2016-03-29 09:50:15] EDIT app2/controllers/default.py: 0
[2016-03-29 09:50:52] EDIT app2/controllers/default.py: 0
[2016-03-29 09:52:59] EDIT app2/views/default/index.html: 0
[2016-03-29 09:53:21] EDIT app2/views/default/index.html: 0
[2016-03-29 09:53:25] EDIT app2/views/default/index.html: 0
[2016-03-29 09:54:41] EDIT app2/views/default/index.html: 4
[2016-03-29 09:54:43] EDIT app2/views/default/index.html: 0
[2016-03-29 10:00:48] EDIT app2/views/default/index.html: 19
[2016-03-29 10:01:38] EDIT app2/views/default/index.html: 0
[2016-03-29 10:01:54] EDIT app2/views/default/index.html: 0
[2016-03-29 10:02:18] EDIT app2/views/default/index.html: 0
[2016-03-29 10:02:39] EDIT app2/views/default/index.html: 0
[2016-03-29 10:02:42] EDIT app2/views/default/index.html: 0
[2016-03-29 10:03:18] EDIT app2/views/default/index.html: 0
[2016-03-29 10:03:50] EDIT app2/views/default/index.html: -3
[2016-03-29 10:04:09] EDIT app2/views/default/index.html: 2
[2016-03-29 10:05:19] EDIT app2/views/default/index.html: 0
[2016-03-29 10:05:51] EDIT app2/views/default/index.html: 0
[2016-03-29 10:06:39] EDIT app2/controllers/default.py: 0
[2016-03-29 10:22:18] EDIT app2/controllers/default.py: 0
[2016-03-29 10:22:24] EDIT app2/controllers/default.py: 0
[2016-03-29 10:22:33] EDIT app2/controllers/default.py: 0
[2016-03-29 10:22:59] EDIT app2/controllers/default.py: 0
[2016-03-29 11:03:16] EDIT app2/models/db1.py: 0
[2016-03-29 11:04:12] EDIT app2/models/db1.py: 0
[2016-03-29 11:05:44] EDIT app2/models/db1.py: 0
[2016-03-29 11:12:15] EDIT app2/views/default/post.html: 1
[2016-03-29 11:13:53] EDIT app2/views/default/post.html: -2
[2016-03-29 11:14:34] EDIT app2/views/default/post.html: -1
[2016-03-29 11:15:00] EDIT app2/views/default/post.html: 1
[2016-03-29 14:02:25] EDIT app2/models/db1.py: 1
[2016-03-29 14:02:53] EDIT app2/models/db1.py: 0
[2016-03-29 14:05:00] EDIT app2/models/db1.py: 0
[2016-03-29 14:07:28] EDIT app2/models/db1.py: 1
[2016-03-29 14:09:15] EDIT app2/models/db1.py: 0
[2016-03-29 14:14:36] EDIT app2/models/db1.py: 0
[2016-03-29 14:26:55] EDIT app2/models/menu.py: 0
[2016-03-29 14:43:27] EDIT app2/views/default/index.html: 4
[2016-03-29 14:48:21] EDIT app2/views/default/index.html: 4
[2016-03-29 14:52:19] EDIT app2/views/default/create.html: 10
[2016-03-29 14:52:29] EDIT app2/views/default/create.html: 0
[2016-03-29 14:52:33] EDIT app2/views/default/index.html: 0
[2016-03-29 14:53:04] EDIT app2/views/default/index.html: 1
[2016-03-29 14:53:16] EDIT app2/views/default/index.html: 0
[2016-03-29 14:53:46] EDIT app2/views/default/index.html: 0
[2016-03-29 14:54:05] EDIT app2/views/default/index.html: 0
[2016-03-29 14:54:23] EDIT app2/views/default/index.html: -1
[2016-03-29 14:55:43] EDIT app2/views/default/post.html: 10
[2016-03-29 14:55:59] EDIT app2/views/default/post.html: 0
[2016-03-29 14:56:05] EDIT app2/views/default/create.html: 0
[2016-03-29 14:56:10] EDIT app2/views/default/index.html: 0
[2016-03-29 14:58:06] EDIT app2/models/db1.py: 0
[2016-03-29 14:58:11] EDIT app2/models/db1.py: 0
[2016-03-29 14:59:06] EDIT app2/models/db1.py: 0
[2016-03-29 14:59:34] EDIT app2/models/db1.py: 1
[2016-03-29 14:59:45] EDIT app2/models/db1.py: 0
[2016-03-29 14:59:58] EDIT app2/models/db1.py: 1
[2016-03-29 15:00:47] EDIT app2/models/db1.py: 0
[2016-03-29 15:16:23] EDIT app2/models/db1.py: 2
[2016-03-29 15:16:40] EDIT app2/models/db1.py: 0
[2016-03-29 15:17:43] EDIT app2/models/db1.py: 3
[2016-03-29 15:22:45] EDIT app2/views/default/index.html: 0
[2016-03-29 15:31:56] EDIT app2/controllers/default.py: 1
[2016-03-29 15:32:16] EDIT app2/controllers/default.py: 0
[2016-03-29 15:35:21] EDIT app2/views/default/index.html: 3
[2016-03-29 15:35:36] EDIT app2/views/default/index.html: 0
[2016-03-29 15:35:44] EDIT app2/views/default/index.html: 0
[2016-03-29 15:36:30] EDIT app2/views/default/index.html: 0
[2016-03-29 15:37:14] EDIT app2/views/default/index.html: 0
[2016-03-29 15:37:51] EDIT app2/views/default/index.html: 0
[2016-03-29 15:38:03] EDIT app2/views/default/index.html: 0
[2016-03-29 15:38:16] EDIT app2/views/default/index.html: 0
[2016-03-29 15:38:51] EDIT app2/views/default/index.html: 0
[2016-03-29 15:39:46] EDIT app2/views/default/show.html: 0
[2016-03-29 15:40:41] EDIT app2/views/default/show.html: 0
[2016-03-29 15:41:26] EDIT app2/views/default/show.html: 0
[2016-03-29 15:43:46] EDIT app2/views/default/show.html: 0
[2016-03-29 15:44:12] EDIT app2/views/default/show.html: 3
[2016-03-29 15:49:52] EDIT app2/views/default/show.html: 0
[2016-03-29 15:50:03] EDIT app2/views/default/show.html: 0
[2016-03-29 15:50:13] EDIT app2/views/default/show.html: 0
[2016-03-29 15:50:23] EDIT app2/views/default/show.html: 0
[2016-03-29 15:51:37] EDIT app2/views/default/show.html: 4
[2016-03-29 15:52:05] EDIT app2/views/default/show.html: 7
[2016-03-29 15:56:21] EDIT app2/views/default/show.html: 1
[2016-03-29 15:57:05] EDIT app2/views/default/show.html: -1
[2016-03-29 16:00:52] EDIT app2/views/default/show.html: 0
[2016-03-29 16:01:04] EDIT app2/views/default/show.html: 1
[2016-03-29 16:02:53] EDIT app2/views/default/show.html: 2
[2016-03-29 16:03:23] EDIT app2/views/default/show.html: 2
[2016-03-29 16:03:28] EDIT app2/views/default/show.html: 0
[2016-03-29 16:04:33] EDIT app2/views/default/show.html: -1
[2016-03-29 16:06:22] EDIT app2/controllers/default.py: 1
[2016-03-29 16:06:44] EDIT app2/controllers/default.py: -7
[2016-03-29 16:07:07] EDIT app2/controllers/default.py: 5
[2016-03-29 16:07:42] EDIT app2/controllers/default.py: 0
[2016-03-29 16:11:24] EDIT app2/controllers/default.py: 0
[2016-03-29 16:16:08] EDIT app2/controllers/default.py: 0
[2016-03-29 16:16:43] EDIT app2/views/default/index.html: 1
[2016-03-29 16:16:59] EDIT app2/views/default/index.html: 0
[2016-03-29 16:18:50] EDIT app2/views/default/index.html: 3
[2016-03-29 16:18:53] EDIT app2/views/default/index.html: 0
[2016-03-29 16:52:04] EDIT app2/controllers/default.py: 0
[2016-03-29 16:52:36] EDIT app2/controllers/default.py: 3
[2016-03-29 16:52:45] EDIT app2/controllers/default.py: 0
[2016-03-29 16:53:04] EDIT app2/controllers/default.py: 0
[2016-03-29 16:54:07] EDIT app2/controllers/default.py: 7
[2016-03-29 16:55:47] EDIT app2/controllers/default.py: -7
[2016-03-29 16:57:20] EDIT app2/views/default/index.html: 0
[2016-03-29 16:57:35] EDIT app2/views/default/index.html: 0
[2016-03-29 16:58:44] EDIT app2/views/default/index.html: 0
[2016-03-29 16:59:01] EDIT app2/views/default/index.html: 0
[2016-03-29 16:59:12] EDIT app2/views/default/index.html: 0
[2016-03-29 17:01:36] EDIT app2/views/default/index.html: 0
[2016-03-29 17:01:40] EDIT app2/views/default/index.html: 0
[2016-03-29 17:02:07] EDIT app2/views/default/index.html: 0
[2016-03-29 17:02:33] EDIT app2/views/default/index.html: 0
[2016-03-29 17:02:49] EDIT app2/views/default/index.html: 0
[2016-03-29 17:05:49] EDIT app2/views/default/index.html: 0
[2016-03-29 17:06:09] EDIT app2/views/default/index.html: 0
[2016-03-29 17:13:36] EDIT app2/controllers/default.py: 0
[2016-03-29 17:13:43] EDIT app2/controllers/default.py: 0
[2016-03-29 17:13:58] EDIT app2/controllers/default.py: 0
[2016-03-29 17:14:41] EDIT app2/views/default/index.html: 0
[2016-03-29 17:14:54] EDIT app2/views/default/index.html: 0
[2016-03-29 17:15:09] EDIT app2/views/default/index.html: 0
[2016-03-29 17:15:55] EDIT app2/controllers/default.py: 0
[2016-03-29 17:16:13] EDIT app2/views/default/index.html: 0
[2016-03-29 17:17:03] EDIT app2/controllers/default.py: -3
[2016-03-29 17:17:50] EDIT app2/controllers/default.py: 5
[2016-03-29 17:18:11] EDIT app2/controllers/default.py: 0
[2016-03-29 17:19:00] EDIT app2/controllers/default.py: 0
[2016-03-29 17:21:03] EDIT app2/views/default/index.html: 0
[2016-03-29 17:21:40] EDIT app2/views/default/index.html: 0
[2016-03-29 17:22:06] EDIT app2/views/default/index.html: 0
[2016-03-29 17:22:57] EDIT app2/controllers/default.py: 1
[2016-03-29 17:23:48] EDIT app2/controllers/default.py: 2
[2016-03-29 17:24:05] EDIT app2/controllers/default.py: 0
[2016-03-29 17:24:25] EDIT app2/controllers/default.py: 0
[2016-03-29 17:26:37] EDIT app2/controllers/default.py: 2
[2016-03-29 17:27:50] EDIT app2/controllers/default.py: -3
[2016-03-29 17:28:13] EDIT app2/views/default/index.html: -1
[2016-03-29 17:31:39] EDIT app2/views/default/index.html: 0
[2016-03-29 17:32:17] EDIT app2/views/default/index.html: 0
[2016-03-29 17:32:44] EDIT app2/views/default/index.html: 0
[2016-03-29 17:47:17] EDIT app2/views/default/index.html: 0
[2016-03-29 17:47:31] EDIT app2/views/default/index.html: 0
[2016-03-29 17:47:50] EDIT app2/views/default/index.html: 0
[2016-03-29 17:51:42] EDIT app2/controllers/default.py: 0
[2016-03-29 17:52:21] EDIT app2/controllers/default.py: 0
[2016-03-29 17:56:57] EDIT app2/controllers/default.py: 0
[2016-03-29 17:57:09] EDIT app2/controllers/default.py: 0
[2016-03-29 17:57:35] EDIT app2/controllers/default.py: -1
[2016-03-29 17:57:42] EDIT app2/controllers/default.py: 0
[2016-03-29 17:57:48] EDIT app2/controllers/default.py: 1
[2016-03-29 17:58:14] EDIT app2/views/default/index.html: 0
[2016-03-29 18:00:22] EDIT app2/controllers/default.py: 0
[2016-03-29 18:00:59] EDIT app2/controllers/default.py: 0
[2016-03-29 18:01:50] EDIT app2/controllers/default.py: 0
[2016-03-29 18:02:00] EDIT app2/controllers/default.py: 0
[2016-03-29 18:05:58] EDIT app2/views/default/post.html: 0
[2016-03-29 18:09:30] EDIT app2/views/default/index.html: 4
[2016-03-29 18:10:29] EDIT app2/views/default/index.html: -4
[2016-03-29 18:20:41] EDIT app2/models/menu.py: 0
[2016-03-29 18:32:24] EDIT Cookbook/models/menu.py: 0
[2016-03-29 18:36:31] EDIT Cookbook/models/menu.py: 0
[2016-03-29 18:36:42] EDIT Cookbook/models/menu.py: 0
[2016-03-29 18:50:39] EDIT Cookbook/views/layout.html: 0
[2016-03-29 18:51:23] EDIT Cookbook/models/menu.py: 0
[2016-03-29 19:00:46] EDIT Cookbook/views/default/show.html: 0
[2016-03-29 19:01:12] EDIT Cookbook/views/default/show.html: 0
[2016-03-29 19:01:32] EDIT Cookbook/views/default/show.html: 0
[2016-03-29 19:02:17] EDIT Cookbook/views/default/show.html: 0
[2016-03-29 19:02:26] EDIT Cookbook/views/default/show.html: 0
[2016-03-29 19:04:37] EDIT Cookbook/views/default/index.html: 0
[2016-03-29 19:05:09] EDIT Cookbook/views/default/index.html: 0
[2016-03-29 19:05:34] EDIT Cookbook/views/default/create.html: -1
[2016-03-29 19:05:58] EDIT Cookbook/views/default/post.html: 0
[2016-03-29 19:06:10] EDIT Cookbook/views/default/post.html: 0
[2016-03-29 19:06:19] EDIT Cookbook/views/default/post.html: 0
[2016-03-29 19:07:40] UPLOAD /home/baks/Desktop/web2py/applications/Cookbook/static/everest.jpg: 3076
[2016-03-29 19:07:53] DELETE Cookbook/static/everest.jpg: -3076
[2016-03-29 19:08:01] UPLOAD /home/baks/Desktop/web2py/applications/Cookbook/static/everest.jpg: 3076
[2016-03-29 19:09:33] EDIT Cookbook/views/default/index.html: 3
[2016-03-29 19:11:37] EDIT Cookbook/views/default/index.html: 0
[2016-03-29 19:12:33] EDIT Cookbook/views/default/index.html: 0
[2016-03-29 19:13:05] EDIT Cookbook/views/default/index.html: 0
[2016-03-29 19:13:49] EDIT Cookbook/views/default/index.html: 0
[2016-03-29 19:14:51] EDIT Cookbook/views/default/show.html: 2
[2016-03-29 19:15:05] EDIT Cookbook/views/default/show.html: 0
[2016-03-29 19:15:13] EDIT Cookbook/views/default/show.html: 0
[2016-03-29 19:15:23] EDIT Cookbook/views/default/show.html: 0
[2016-03-29 19:17:09] EDIT Cookbook/views/default/show.html: 1
[2016-03-29 19:17:26] EDIT Cookbook/views/default/show.html: 0
[2016-03-29 19:17:42] EDIT Cookbook/views/default/show.html: 0
[2016-03-29 19:18:17] EDIT Cookbook/views/default/show.html: 0
[2016-03-29 19:19:26] EDIT Cookbook/views/default/show.html: 1
[2016-03-29 19:19:37] EDIT Cookbook/views/default/show.html: 0
[2016-03-29 19:20:15] EDIT Cookbook/views/default/show.html: -2
[2016-03-29 19:20:34] EDIT Cookbook/views/default/show.html: 0
[2016-03-29 19:21:00] EDIT Cookbook/views/default/show.html: 2
[2016-03-29 19:22:22] EDIT Cookbook/views/default/show.html: 0
[2016-03-29 19:23:01] EDIT Cookbook/views/default/show.html: 0
[2016-03-29 19:23:09] EDIT Cookbook/views/default/show.html: 0
[2016-03-29 19:23:24] EDIT Cookbook/views/default/show.html: 2
[2016-03-29 19:30:29] EDIT Cookbook/views/default/index.html: 0
[2016-03-29 19:30:44] EDIT Cookbook/views/default/index.html: 0
[2016-03-29 19:31:05] EDIT Cookbook/views/default/index.html: 0
[2016-03-29 19:31:10] EDIT Cookbook/views/default/index.html: 0
[2016-03-29 19:31:19] EDIT Cookbook/views/default/index.html: -3
